<?xml version="1.0" encoding="UTF-8"?>
<!-- Generated by org.testng.reporters.JUnitXMLReporter -->
<testsuite ignored="0" hostname="LAPTOP-Q3C0R1EQ" failures="0" tests="9" name="Test" time="0.069" errors="0" timestamp="2022-11-05T15:02:38 IST">
  <testcase classname="Batch_Execution.C" name="TC7" time="0.013"/>
  <testcase classname="Batch_Execution.C" name="TC8" time="0.008"/>
  <testcase classname="Batch_Execution.C" name="TC9" time="0.002"/>
  <testcase classname="Batch_Execution.A" name="TC1" time="0.001"/>
  <testcase classname="Batch_Execution.A" name="TC2" time="0.001"/>
  <testcase classname="Batch_Execution.A" name="TC3" time="0.001"/>
  <testcase classname="Batch_Execution.B" name="TC4" time="0.001"/>
  <testcase classname="Batch_Execution.B" name="TC5" time="0.0"/>
  <testcase classname="Batch_Execution.B" name="TC6" time="0.001"/>
</testsuite> <!-- Test -->
