<?xml version="1.0" encoding="UTF-8"?>
<testng-results ignored="0" total="1" passed="1" failed="0" skipped="0">
  <reporter-output>
    <line>
      <![CDATA[Browser is opened]]>
    </line>
    <line>
      <![CDATA[application is opened]]>
    </line>
    <line>
      <![CDATA[running TC]]>
    </line>
    <line>
      <![CDATA[application is closed]]>
    </line>
    <line>
      <![CDATA[browser is closed]]>
    </line>
  </reporter-output>
  <suite started-at="2022-11-15T09:12:52 IST" name="Default suite" finished-at="2022-11-15T09:12:52 IST" duration-ms="42">
    <groups>
    </groups>
    <test started-at="2022-11-15T09:12:52 IST" name="Default test" finished-at="2022-11-15T09:12:52 IST" duration-ms="42">
      <class name="Test_NG.Annotations">
        <test-method is-config="true" signature="openBrowser()[pri:0, instance:Test_NG.Annotations@74e52303]" started-at="2022-11-15T09:12:52 IST" name="openBrowser" finished-at="2022-11-15T09:12:52 IST" duration-ms="6" status="PASS">
          <reporter-output>
            <line>
              <![CDATA[Browser is opened]]>
            </line>
          </reporter-output>
        </test-method> <!-- openBrowser -->
        <test-method is-config="true" signature="openapp()[pri:0, instance:Test_NG.Annotations@74e52303]" started-at="2022-11-15T09:12:52 IST" name="openapp" finished-at="2022-11-15T09:12:52 IST" duration-ms="0" status="PASS">
          <reporter-output>
            <line>
              <![CDATA[application is opened]]>
            </line>
          </reporter-output>
        </test-method> <!-- openapp -->
        <test-method signature="verifytext()[pri:0, instance:Test_NG.Annotations@74e52303]" started-at="2022-11-15T09:12:52 IST" name="verifytext" finished-at="2022-11-15T09:12:52 IST" duration-ms="6" status="PASS">
          <reporter-output>
            <line>
              <![CDATA[running TC]]>
            </line>
          </reporter-output>
        </test-method> <!-- verifytext -->
        <test-method is-config="true" signature="closeApp()[pri:0, instance:Test_NG.Annotations@74e52303]" started-at="2022-11-15T09:12:52 IST" name="closeApp" finished-at="2022-11-15T09:12:52 IST" duration-ms="1" status="PASS">
          <reporter-output>
            <line>
              <![CDATA[application is closed]]>
            </line>
          </reporter-output>
        </test-method> <!-- closeApp -->
        <test-method is-config="true" signature="closeBrowser()[pri:0, instance:Test_NG.Annotations@74e52303]" started-at="2022-11-15T09:12:52 IST" name="closeBrowser" finished-at="2022-11-15T09:12:52 IST" duration-ms="0" status="PASS">
          <reporter-output>
            <line>
              <![CDATA[browser is closed]]>
            </line>
          </reporter-output>
        </test-method> <!-- closeBrowser -->
      </class> <!-- Test_NG.Annotations -->
    </test> <!-- Default test -->
  </suite> <!-- Default suite -->
</testng-results>
